#
# There is insufficient memory for the Java Runtime Environment to continue.
# Native memory allocation (malloc) failed to allocate 2018256 bytes for Chunk::new
# Possible reasons:
#   The system is out of physical RAM or swap space
#   The process is running with CompressedOops enabled, and the Java Heap may be blocking the growth of the native heap
# Possible solutions:
#   Reduce memory load on the system
#   Increase physical memory or swap space
#   Check if swap backing store is full
#   Decrease Java heap size (-Xmx/-Xms)
#   Decrease number of Java threads
#   Decrease Java thread stack sizes (-Xss)
#   Set larger code cache with -XX:ReservedCodeCacheSize=
#   JVM is running with Unscaled Compressed Oops mode in which the Java heap is
#     placed in the first 4GB address space. The Java Heap base address is the
#     maximum limit for the native heap growth. Please use -XX:HeapBaseMinAddress
#     to set the Java Heap base and to place the Java Heap above 4GB virtual address.
# This output file may be truncated or incomplete.
#
#  Out of Memory Error (arena.cpp:189), pid=5860, tid=19000
#
# JRE version: OpenJDK Runtime Environment Temurin-17.0.7+7 (17.0.7+7) (build 17.0.7+7)
# Java VM: OpenJDK 64-Bit Server VM Temurin-17.0.7+7 (17.0.7+7, mixed mode, tiered, compressed oops, compressed class ptrs, g1 gc, windows-amd64)
# No core dump will be written. Minidumps are not enabled by default on client versions of Windows
#

---------------  S U M M A R Y ------------

Command Line: -Dfile.encoding=UTF-8 -XX:+ShowCodeDetailsInExceptionMessages com.example.finapp.FinAppApplication

Host: Intel(R) Core(TM) i3-5005U CPU @ 2.00GHz, 4 cores, 7G,  Windows 10 , 64 bit Build 19041 (10.0.19041.5915)
Time: Wed Jul 23 14:25:37 2025 India Standard Time elapsed time: 35.658977 seconds (0d 0h 0m 35s)

---------------  T H R E A D  ---------------

Current thread (0x00000204d025bf50):  JavaThread "C2 CompilerThread0" daemon [_thread_in_native, id=19000, stack(0x0000003720300000,0x0000003720400000)]


Current CompileTask:
C2:  35659 5321   !   4       org.springframework.util.ReflectionUtils::doWithMethods (186 bytes)

Stack: [0x0000003720300000,0x0000003720400000]
Native frames: (J=compiled Java code, j=interpreted, Vv=VM code, C=native code)
V  [jvm.dll+0x67754a]
V  [jvm.dll+0x834304]
V  [jvm.dll+0x835aae]
V  [jvm.dll+0x836113]
V  [jvm.dll+0x24696f]
V  [jvm.dll+0xac0ac]
V  [jvm.dll+0xac67c]
V  [jvm.dll+0x364de2]
V  [jvm.dll+0x32f6b1]
V  [jvm.dll+0x32eb5a]
V  [jvm.dll+0x219641]
V  [jvm.dll+0x218a61]
V  [jvm.dll+0x1a4d8d]
V  [jvm.dll+0x2284da]
V  [jvm.dll+0x226615]
V  [jvm.dll+0x7ea90b]
V  [jvm.dll+0x7e4e7a]
V  [jvm.dll+0x676395]
C  [ucrtbase.dll+0x21bb2]
C  [KERNEL32.DLL+0x17374]
C  [ntdll.dll+0x4cc91]


---------------  P R O C E S S  ---------------

Threads class SMR info:
_java_thread_list=0x00000204d5d543a0, length=18, elements={
0x00000204b48ee790, 0x00000204d00fadf0, 0x00000204d00fbee0, 0x00000204d01202a0,
0x00000204d025a000, 0x00000204d025a8c0, 0x00000204d025b270, 0x00000204d025bf50,
0x00000204d02c8c30, 0x00000204d02cd9f0, 0x00000204d03cf680, 0x00000204d03f3a00,
0x00000204d681f4e0, 0x00000204d681f9b0, 0x00000204d0a752d0, 0x00000204d681fe80,
0x00000204d681c990, 0x00000204d681ce60
}

Java Threads: ( => current thread )
  0x00000204b48ee790 JavaThread "main" [_thread_in_vm, id=11116, stack(0x000000371f600000,0x000000371f700000)]
  0x00000204d00fadf0 JavaThread "Reference Handler" daemon [_thread_blocked, id=18448, stack(0x000000371fd00000,0x000000371fe00000)]
  0x00000204d00fbee0 JavaThread "Finalizer" daemon [_thread_blocked, id=11160, stack(0x000000371fe00000,0x000000371ff00000)]
  0x00000204d01202a0 JavaThread "Signal Dispatcher" daemon [_thread_blocked, id=13880, stack(0x000000371ff00000,0x0000003720000000)]
  0x00000204d025a000 JavaThread "Attach Listener" daemon [_thread_blocked, id=2596, stack(0x0000003720000000,0x0000003720100000)]
  0x00000204d025a8c0 JavaThread "Service Thread" daemon [_thread_blocked, id=10908, stack(0x0000003720100000,0x0000003720200000)]
  0x00000204d025b270 JavaThread "Monitor Deflation Thread" daemon [_thread_blocked, id=16728, stack(0x0000003720200000,0x0000003720300000)]
=>0x00000204d025bf50 JavaThread "C2 CompilerThread0" daemon [_thread_in_native, id=19000, stack(0x0000003720300000,0x0000003720400000)]
  0x00000204d02c8c30 JavaThread "C1 CompilerThread0" daemon [_thread_blocked, id=21236, stack(0x0000003720400000,0x0000003720500000)]
  0x00000204d02cd9f0 JavaThread "Sweeper thread" daemon [_thread_blocked, id=3860, stack(0x0000003720500000,0x0000003720600000)]
  0x00000204d03cf680 JavaThread "Notification Thread" daemon [_thread_blocked, id=16932, stack(0x0000003720600000,0x0000003720700000)]
  0x00000204d03f3a00 JavaThread "Common-Cleaner" daemon [_thread_blocked, id=2172, stack(0x0000003720800000,0x0000003720900000)]
  0x00000204d681f4e0 JavaThread "PostgreSQL-JDBC-Cleaner" daemon [_thread_blocked, id=18212, stack(0x0000003720d00000,0x0000003720e00000)]
  0x00000204d681f9b0 JavaThread "HikariPool-1 housekeeper" daemon [_thread_blocked, id=14008, stack(0x0000003720e00000,0x0000003720f00000)]
  0x00000204d0a752d0 JavaThread "C2 CompilerThread1" daemon [_thread_in_native, id=14236, stack(0x0000003721000000,0x0000003721100000)]
  0x00000204d681fe80 JavaThread "Catalina-utility-1" [_thread_blocked, id=11540, stack(0x0000003720f00000,0x0000003721000000)]
  0x00000204d681c990 JavaThread "Catalina-utility-2" [_thread_blocked, id=18520, stack(0x0000003721100000,0x0000003721200000)]
  0x00000204d681ce60 JavaThread "container-0" [_thread_blocked, id=2864, stack(0x0000003721200000,0x0000003721300000)]

Other Threads:
  0x00000204d00f8650 VMThread "VM Thread" [stack: 0x000000371fc00000,0x000000371fd00000] [id=11332]
  0x00000204d03d1f70 WatcherThread [stack: 0x0000003720700000,0x0000003720800000] [id=6924]
  0x00000204b6a558a0 GCTaskThread "GC Thread#0" [stack: 0x000000371f700000,0x000000371f800000] [id=5924]
  0x00000204d0466490 GCTaskThread "GC Thread#1" [stack: 0x0000003720900000,0x0000003720a00000] [id=14944]
  0x00000204d0dc7450 GCTaskThread "GC Thread#2" [stack: 0x0000003720a00000,0x0000003720b00000] [id=20680]
  0x00000204d0de3a50 GCTaskThread "GC Thread#3" [stack: 0x0000003720b00000,0x0000003720c00000] [id=2404]
  0x00000204b6a66520 ConcurrentGCThread "G1 Main Marker" [stack: 0x000000371f800000,0x000000371f900000] [id=6120]
  0x00000204b6a66f30 ConcurrentGCThread "G1 Conc#0" [stack: 0x000000371f900000,0x000000371fa00000] [id=220]
  0x00000204b6abceb0 ConcurrentGCThread "G1 Refine#0" [stack: 0x000000371fa00000,0x000000371fb00000] [id=8048]
  0x00000204b6abd8d0 ConcurrentGCThread "G1 Service" [stack: 0x000000371fb00000,0x000000371fc00000] [id=22084]

Threads with active compile tasks:
C2 CompilerThread0    35737 5321   !   4       org.springframework.util.ReflectionUtils::doWithMethods (186 bytes)
C2 CompilerThread1    35737 5325   !   4       org.springframework.core.annotation.AnnotationsScanner::processMethodHierarchy (276 bytes)

VM state: not at safepoint (normal execution)

VM Mutex/Monitor currently owned by a thread: None

Heap address: 0x0000000081600000, size: 2026 MB, Compressed Oops mode: 32-bit

CDS archive(s) not mapped
Compressed class space mapped at: 0x0000000100000000-0x0000000140000000, reserved size: 1073741824
Narrow klass base: 0x0000000000000000, Narrow klass shift: 3, Narrow klass range: 0x140000000

GC Precious Log:
 CPUs: 4 total, 4 available
 Memory: 8101M
 Large Page Support: Disabled
 NUMA Support: Disabled
 Compressed Oops: Enabled (32-bit)
 Heap Region Size: 1M
 Heap Min Capacity: 8M
 Heap Initial Capacity: 128M
 Heap Max Capacity: 2026M
 Pre-touch: Disabled
 Parallel Workers: 4
 Concurrent Workers: 1
 Concurrent Refinement Workers: 4
 Periodic GC: Disabled

Heap:
 garbage-first heap   total 46080K, used 30549K [0x0000000081600000, 0x0000000100000000)
  region size 1024K, 7 young (7168K), 2 survivors (2048K)
 Metaspace       used 68785K, committed 69376K, reserved 1114112K
  class space    used 9106K, committed 9408K, reserved 1048576K

Heap Regions: E=young(eden), S=young(survivor), O=old, HS=humongous(starts), HC=humongous(continues), CS=collection set, F=free, OA=open archive, CA=closed archive, TAMS=top-at-mark-start (previous, next)
|   0|0x0000000081600000, 0x0000000081700000, 0x0000000081700000|100%|HS|  |TAMS 0x0000000081700000, 0x0000000081600000| Complete 
|   1|0x0000000081700000, 0x0000000081800000, 0x0000000081800000|100%| O|  |TAMS 0x0000000081800000, 0x0000000081700000| Untracked 
|   2|0x0000000081800000, 0x0000000081900000, 0x0000000081900000|100%| O|  |TAMS 0x0000000081900000, 0x0000000081800000| Untracked 
|   3|0x0000000081900000, 0x0000000081a00000, 0x0000000081a00000|100%| O|  |TAMS 0x0000000081a00000, 0x0000000081900000| Untracked 
|   4|0x0000000081a00000, 0x0000000081b00000, 0x0000000081b00000|100%| O|  |TAMS 0x0000000081b00000, 0x0000000081a00000| Untracked 
|   5|0x0000000081b00000, 0x0000000081c00000, 0x0000000081c00000|100%| O|  |TAMS 0x0000000081c00000, 0x0000000081b00000| Untracked 
|   6|0x0000000081c00000, 0x0000000081d00000, 0x0000000081d00000|100%| O|  |TAMS 0x0000000081d00000, 0x0000000081c00000| Untracked 
|   7|0x0000000081d00000, 0x0000000081e00000, 0x0000000081e00000|100%| O|  |TAMS 0x0000000081e00000, 0x0000000081d00000| Untracked 
|   8|0x0000000081e00000, 0x0000000081f00000, 0x0000000081f00000|100%| O|  |TAMS 0x0000000081f00000, 0x0000000081e00000| Untracked 
|   9|0x0000000081f00000, 0x0000000082000000, 0x0000000082000000|100%| O|  |TAMS 0x0000000082000000, 0x0000000081f00000| Untracked 
|  10|0x0000000082000000, 0x0000000082100000, 0x0000000082100000|100%| O|  |TAMS 0x0000000082100000, 0x0000000082000000| Untracked 
|  11|0x0000000082100000, 0x0000000082200000, 0x0000000082200000|100%| O|  |TAMS 0x0000000082200000, 0x0000000082100000| Untracked 
|  12|0x0000000082200000, 0x0000000082300000, 0x0000000082300000|100%| O|  |TAMS 0x0000000082300000, 0x0000000082200000| Untracked 
|  13|0x0000000082300000, 0x0000000082400000, 0x0000000082400000|100%| O|  |TAMS 0x0000000082400000, 0x0000000082300000| Untracked 
|  14|0x0000000082400000, 0x0000000082500000, 0x0000000082500000|100%| O|  |TAMS 0x0000000082500000, 0x0000000082400000| Untracked 
|  15|0x0000000082500000, 0x0000000082600000, 0x0000000082600000|100%| O|  |TAMS 0x0000000082600000, 0x0000000082500000| Untracked 
|  16|0x0000000082600000, 0x0000000082700000, 0x0000000082700000|100%| O|  |TAMS 0x0000000082700000, 0x0000000082600000| Untracked 
|  17|0x0000000082700000, 0x0000000082800000, 0x0000000082800000|100%| O|  |TAMS 0x0000000082800000, 0x0000000082700000| Untracked 
|  18|0x0000000082800000, 0x0000000082900000, 0x0000000082900000|100%| O|  |TAMS 0x0000000082900000, 0x0000000082800000| Untracked 
|  19|0x0000000082900000, 0x0000000082a00000, 0x0000000082a00000|100%| O|  |TAMS 0x0000000082a00000, 0x0000000082900000| Untracked 
|  20|0x0000000082a00000, 0x0000000082b00000, 0x0000000082b00000|100%| O|  |TAMS 0x0000000082b00000, 0x0000000082a00000| Untracked 
|  21|0x0000000082b00000, 0x0000000082c00000, 0x0000000082c00000|100%| O|  |TAMS 0x0000000082c00000, 0x0000000082b00000| Untracked 
|  22|0x0000000082c00000, 0x0000000082d00000, 0x0000000082d00000|100%| O|  |TAMS 0x0000000082cdf200, 0x0000000082c00000| Untracked 
|  23|0x0000000082d00000, 0x0000000082dd5400, 0x0000000082e00000| 83%| O|  |TAMS 0x0000000082d00000, 0x0000000082d00000| Untracked 
|  24|0x0000000082e00000, 0x0000000082e00000, 0x0000000082f00000|  0%| F|  |TAMS 0x0000000082e00000, 0x0000000082e00000| Untracked 
|  25|0x0000000082f00000, 0x0000000082f00000, 0x0000000083000000|  0%| F|  |TAMS 0x0000000082f00000, 0x0000000082f00000| Untracked 
|  26|0x0000000083000000, 0x0000000083000000, 0x0000000083100000|  0%| F|  |TAMS 0x0000000083000000, 0x0000000083000000| Untracked 
|  27|0x0000000083100000, 0x0000000083100000, 0x0000000083200000|  0%| F|  |TAMS 0x0000000083100000, 0x0000000083100000| Untracked 
|  28|0x0000000083200000, 0x0000000083200000, 0x0000000083300000|  0%| F|  |TAMS 0x0000000083200000, 0x0000000083200000| Untracked 
|  29|0x0000000083300000, 0x0000000083400000, 0x0000000083400000|100%| S|CS|TAMS 0x0000000083300000, 0x0000000083300000| Complete 
|  30|0x0000000083400000, 0x0000000083500000, 0x0000000083500000|100%| S|CS|TAMS 0x0000000083400000, 0x0000000083400000| Complete 
|  31|0x0000000083500000, 0x0000000083500000, 0x0000000083600000|  0%| F|  |TAMS 0x0000000083500000, 0x0000000083500000| Untracked 
|  32|0x0000000083600000, 0x0000000083600000, 0x0000000083700000|  0%| F|  |TAMS 0x0000000083600000, 0x0000000083600000| Untracked 
|  33|0x0000000083700000, 0x0000000083700000, 0x0000000083800000|  0%| F|  |TAMS 0x0000000083700000, 0x0000000083700000| Untracked 
|  34|0x0000000083800000, 0x0000000083800000, 0x0000000083900000|  0%| F|  |TAMS 0x0000000083800000, 0x0000000083800000| Untracked 
|  35|0x0000000083900000, 0x0000000083900000, 0x0000000083a00000|  0%| F|  |TAMS 0x0000000083900000, 0x0000000083900000| Untracked 
|  36|0x0000000083a00000, 0x0000000083a00000, 0x0000000083b00000|  0%| F|  |TAMS 0x0000000083a00000, 0x0000000083a00000| Untracked 
|  37|0x0000000083b00000, 0x0000000083b00000, 0x0000000083c00000|  0%| F|  |TAMS 0x0000000083b00000, 0x0000000083b00000| Untracked 
|  38|0x0000000083c00000, 0x0000000083c00000, 0x0000000083d00000|  0%| F|  |TAMS 0x0000000083c00000, 0x0000000083c00000| Untracked 
|  39|0x0000000083d00000, 0x0000000083d00000, 0x0000000083e00000|  0%| F|  |TAMS 0x0000000083d00000, 0x0000000083d00000| Untracked 
|  40|0x0000000083e00000, 0x0000000083e6f1d8, 0x0000000083f00000| 43%| E|  |TAMS 0x0000000083e00000, 0x0000000083e00000| Complete 
|  97|0x0000000087700000, 0x0000000087800000, 0x0000000087800000|100%| E|CS|TAMS 0x0000000087700000, 0x0000000087700000| Complete 
|  98|0x0000000087800000, 0x0000000087900000, 0x0000000087900000|100%| E|CS|TAMS 0x0000000087800000, 0x0000000087800000| Complete 
|  99|0x0000000087900000, 0x0000000087a00000, 0x0000000087a00000|100%| E|CS|TAMS 0x0000000087900000, 0x0000000087900000| Complete 
| 127|0x0000000089500000, 0x0000000089600000, 0x0000000089600000|100%| E|CS|TAMS 0x0000000089500000, 0x0000000089500000| Complete 

Card table byte_map: [0x00000204c94b0000,0x00000204c98b0000] _byte_map_base: 0x00000204c90a5000

Marking Bits (Prev, Next): (CMBitMap*) 0x00000204b6a55ef0, (CMBitMap*) 0x00000204b6a55eb0
 Prev Bits: [0x00000204cbc60000, 0x00000204cdc08000)
 Next Bits: [0x00000204c9cb0000, 0x00000204cbc58000)

Polling page: 0x00000204b49d0000

Metaspace:

Usage:
  Non-class:     58.28 MB used.
      Class:      8.89 MB used.
       Both:     67.17 MB used.

Virtual space:
  Non-class space:       64.00 MB reserved,      58.56 MB ( 92%) committed,  1 nodes.
      Class space:        1.00 GB reserved,       9.19 MB ( <1%) committed,  1 nodes.
             Both:        1.06 GB reserved,      67.75 MB (  6%) committed. 

Chunk freelists:
   Non-Class:  5.10 MB
       Class:  6.86 MB
        Both:  11.96 MB

MaxMetaspaceSize: unlimited
CompressedClassSpaceSize: 1.00 GB
Initial GC threshold: 21.00 MB
Current GC threshold: 112.31 MB
CDS: off
MetaspaceReclaimPolicy: balanced
 - commit_granule_bytes: 65536.
 - commit_granule_words: 8192.
 - virtual_space_node_default_size: 8388608.
 - enlarge_chunks_in_place: 1.
 - new_chunks_are_fully_committed: 0.
 - uncommit_free_chunks: 1.
 - use_allocation_guard: 0.
 - handle_deallocations: 1.


Internal statistics:

num_allocs_failed_limit: 6.
num_arena_births: 712.
num_arena_deaths: 0.
num_vsnodes_births: 2.
num_vsnodes_deaths: 0.
num_space_committed: 1084.
num_space_uncommitted: 0.
num_chunks_returned_to_freelist: 6.
num_chunks_taken_from_freelist: 2896.
num_chunk_merges: 6.
num_chunk_splits: 2100.
num_chunks_enlarged: 1657.
num_inconsistent_stats: 0.

CodeHeap 'non-profiled nmethods': size=120000Kb used=3146Kb max_used=3348Kb free=116854Kb
 bounds [0x00000204c1b80000, 0x00000204c1ed0000, 0x00000204c90b0000]
CodeHeap 'profiled nmethods': size=120000Kb used=8907Kb max_used=10207Kb free=111092Kb
 bounds [0x00000204ba0b0000, 0x00000204baab0000, 0x00000204c15e0000]
CodeHeap 'non-nmethods': size=5760Kb used=1318Kb max_used=1363Kb free=4441Kb
 bounds [0x00000204c15e0000, 0x00000204c1850000, 0x00000204c1b80000]
 total_blobs=5247 nmethods=4594 adapters=565
 compilation: enabled
              stopped_count=0, restarted_count=0
 full_count=0

Compilation events (20 events):
Event: 35.643 Thread 0x00000204d02c8c30 5351       1       org.springframework.beans.PropertyDescriptorUtils$BasicPropertyDescriptor::setWriteMethod (6 bytes)
Event: 35.643 Thread 0x00000204d02c8c30 nmethod 5351 0x00000204c1bfae90 code [0x00000204c1bfb020, 0x00000204c1bfb138]
Event: 35.643 Thread 0x00000204d02c8c30 5353       3       java.util.regex.Pattern::atom (422 bytes)
Event: 35.647 Thread 0x00000204d02c8c30 nmethod 5353 0x00000204ba2f9a10 code [0x00000204ba2f9d80, 0x00000204ba2fb4c8]
Event: 35.647 Thread 0x00000204d02c8c30 5355   !   3       jdk.proxy2.$Proxy102::annotationType (29 bytes)
Event: 35.647 Thread 0x00000204d02c8c30 nmethod 5355 0x00000204ba282d10 code [0x00000204ba282ee0, 0x00000204ba2832b8]
Event: 35.647 Thread 0x00000204d02c8c30 5354       1       java.lang.reflect.Parameter::getRealName (5 bytes)
Event: 35.647 Thread 0x00000204d02c8c30 nmethod 5354 0x00000204c1bfab90 code [0x00000204c1bfad20, 0x00000204c1bfadf8]
Event: 35.647 Thread 0x00000204d02c8c30 5356       3       org.springframework.data.mapping.model.Property::isMethodWithSingleParameterOfType (38 bytes)
Event: 35.649 Thread 0x00000204d02c8c30 nmethod 5356 0x00000204ba3f9c10 code [0x00000204ba3f9e00, 0x00000204ba3fa3f8]
Event: 35.649 Thread 0x00000204d02c8c30 5357       3       org.springframework.data.util.Optionals::toStream (26 bytes)
Event: 35.650 Thread 0x00000204d02c8c30 nmethod 5357 0x00000204ba205310 code [0x00000204ba2055a0, 0x00000204ba206218]
Event: 35.650 Thread 0x00000204d02c8c30 5359       3       org.springframework.data.mapping.model.AnnotationBasedPersistentProperty$$Lambda$1143/0x00000001008c28e0::apply (12 bytes)
Event: 35.651 Thread 0x00000204d02c8c30 nmethod 5359 0x00000204ba419c90 code [0x00000204ba419f20, 0x00000204ba41ac88]
Event: 35.652 Thread 0x00000204d02c8c30 5360       1       org.springframework.util.ConcurrentLruCache$Node::getPrevious (5 bytes)
Event: 35.652 Thread 0x00000204d02c8c30 nmethod 5360 0x00000204c1bfa890 code [0x00000204c1bfaa20, 0x00000204c1bfaaf8]
Event: 35.652 Thread 0x00000204d02c8c30 5358       1       java.lang.Thread::getId (5 bytes)
Event: 35.652 Thread 0x00000204d02c8c30 nmethod 5358 0x00000204c1bfa590 code [0x00000204c1bfa720, 0x00000204c1bfa7f8]
Event: 35.654 Thread 0x00000204d02c8c30 5361       3       org.springframework.data.mapping.model.AnnotationBasedPersistentProperty::isAnnotationPresent (9 bytes)
Event: 35.654 Thread 0x00000204d02c8c30 nmethod 5361 0x00000204ba0e9690 code [0x00000204ba0e9840, 0x00000204ba0e9a48]

GC Heap History (20 events):
Event: 21.819 GC heap before
{Heap before GC invocations=19 (full 0):
 garbage-first heap   total 37888K, used 21585K [0x0000000081600000, 0x0000000100000000)
  region size 1024K, 3 young (3072K), 2 survivors (2048K)
 Metaspace       used 45913K, committed 46272K, reserved 1114112K
  class space    used 5783K, committed 5952K, reserved 1048576K
}
Event: 21.834 GC heap after
{Heap after GC invocations=20 (full 0):
 garbage-first heap   total 37888K, used 20535K [0x0000000081600000, 0x0000000100000000)
  region size 1024K, 1 young (1024K), 1 survivors (1024K)
 Metaspace       used 45913K, committed 46272K, reserved 1114112K
  class space    used 5783K, committed 5952K, reserved 1048576K
}
Event: 24.914 GC heap before
{Heap before GC invocations=20 (full 0):
 garbage-first heap   total 37888K, used 28727K [0x0000000081600000, 0x0000000100000000)
  region size 1024K, 10 young (10240K), 1 survivors (1024K)
 Metaspace       used 48790K, committed 49216K, reserved 1114112K
  class space    used 6159K, committed 6336K, reserved 1048576K
}
Event: 24.921 GC heap after
{Heap after GC invocations=21 (full 0):
 garbage-first heap   total 37888K, used 21163K [0x0000000081600000, 0x0000000100000000)
  region size 1024K, 2 young (2048K), 2 survivors (2048K)
 Metaspace       used 48790K, committed 49216K, reserved 1114112K
  class space    used 6159K, committed 6336K, reserved 1048576K
}
Event: 26.452 GC heap before
{Heap before GC invocations=22 (full 0):
 garbage-first heap   total 39936K, used 29355K [0x0000000081600000, 0x0000000100000000)
  region size 1024K, 11 young (11264K), 2 survivors (2048K)
 Metaspace       used 51217K, committed 51648K, reserved 1114112K
  class space    used 6491K, committed 6656K, reserved 1048576K
}
Event: 26.460 GC heap after
{Heap after GC invocations=23 (full 0):
 garbage-first heap   total 39936K, used 21784K [0x0000000081600000, 0x0000000100000000)
  region size 1024K, 2 young (2048K), 2 survivors (2048K)
 Metaspace       used 51217K, committed 51648K, reserved 1114112K
  class space    used 6491K, committed 6656K, reserved 1048576K
}
Event: 27.206 GC heap before
{Heap before GC invocations=23 (full 0):
 garbage-first heap   total 39936K, used 31000K [0x0000000081600000, 0x0000000100000000)
  region size 1024K, 12 young (12288K), 2 survivors (2048K)
 Metaspace       used 53080K, committed 53504K, reserved 1114112K
  class space    used 6720K, committed 6912K, reserved 1048576K
}
Event: 27.214 GC heap after
{Heap after GC invocations=24 (full 0):
 garbage-first heap   total 39936K, used 22584K [0x0000000081600000, 0x0000000100000000)
  region size 1024K, 2 young (2048K), 2 survivors (2048K)
 Metaspace       used 53080K, committed 53504K, reserved 1114112K
  class space    used 6720K, committed 6912K, reserved 1048576K
}
Event: 27.795 GC heap before
{Heap before GC invocations=25 (full 0):
 garbage-first heap   total 43008K, used 30776K [0x0000000081600000, 0x0000000100000000)
  region size 1024K, 11 young (11264K), 2 survivors (2048K)
 Metaspace       used 55122K, committed 55616K, reserved 1114112K
  class space    used 6957K, committed 7168K, reserved 1048576K
}
Event: 27.804 GC heap after
{Heap after GC invocations=26 (full 0):
 garbage-first heap   total 43008K, used 22888K [0x0000000081600000, 0x0000000100000000)
  region size 1024K, 2 young (2048K), 2 survivors (2048K)
 Metaspace       used 55122K, committed 55616K, reserved 1114112K
  class space    used 6957K, committed 7168K, reserved 1048576K
}
Event: 28.459 GC heap before
{Heap before GC invocations=26 (full 0):
 garbage-first heap   total 43008K, used 32104K [0x0000000081600000, 0x0000000100000000)
  region size 1024K, 12 young (12288K), 2 survivors (2048K)
 Metaspace       used 58619K, committed 59008K, reserved 1114112K
  class space    used 7510K, committed 7680K, reserved 1048576K
}
Event: 28.467 GC heap after
{Heap after GC invocations=27 (full 0):
 garbage-first heap   total 43008K, used 23502K [0x0000000081600000, 0x0000000100000000)
  region size 1024K, 2 young (2048K), 2 survivors (2048K)
 Metaspace       used 58619K, committed 59008K, reserved 1114112K
  class space    used 7510K, committed 7680K, reserved 1048576K
}
Event: 30.083 GC heap before
{Heap before GC invocations=28 (full 0):
 garbage-first heap   total 45056K, used 34766K [0x0000000081600000, 0x0000000100000000)
  region size 1024K, 13 young (13312K), 2 survivors (2048K)
 Metaspace       used 60937K, committed 61376K, reserved 1114112K
  class space    used 7987K, committed 8192K, reserved 1048576K
}
Event: 30.091 GC heap after
{Heap after GC invocations=29 (full 0):
 garbage-first heap   total 45056K, used 23800K [0x0000000081600000, 0x0000000100000000)
  region size 1024K, 2 young (2048K), 2 survivors (2048K)
 Metaspace       used 60937K, committed 61376K, reserved 1114112K
  class space    used 7987K, committed 8192K, reserved 1048576K
}
Event: 31.200 GC heap before
{Heap before GC invocations=29 (full 0):
 garbage-first heap   total 45056K, used 37112K [0x0000000081600000, 0x0000000100000000)
  region size 1024K, 15 young (15360K), 2 survivors (2048K)
 Metaspace       used 63560K, committed 64064K, reserved 1114112K
  class space    used 8395K, committed 8576K, reserved 1048576K
}
Event: 31.208 GC heap after
{Heap after GC invocations=30 (full 0):
 garbage-first heap   total 45056K, used 24420K [0x0000000081600000, 0x0000000100000000)
  region size 1024K, 2 young (2048K), 2 survivors (2048K)
 Metaspace       used 63560K, committed 64064K, reserved 1114112K
  class space    used 8395K, committed 8576K, reserved 1048576K
}
Event: 32.547 GC heap before
{Heap before GC invocations=31 (full 0):
 garbage-first heap   total 46080K, used 35684K [0x0000000081600000, 0x0000000100000000)
  region size 1024K, 14 young (14336K), 2 survivors (2048K)
 Metaspace       used 66125K, committed 66624K, reserved 1114112K
  class space    used 8679K, committed 8896K, reserved 1048576K
}
Event: 32.558 GC heap after
{Heap after GC invocations=32 (full 0):
 garbage-first heap   total 46080K, used 25387K [0x0000000081600000, 0x0000000100000000)
  region size 1024K, 2 young (2048K), 2 survivors (2048K)
 Metaspace       used 66125K, committed 66624K, reserved 1114112K
  class space    used 8679K, committed 8896K, reserved 1048576K
}
Event: 34.436 GC heap before
{Heap before GC invocations=32 (full 0):
 garbage-first heap   total 46080K, used 36651K [0x0000000081600000, 0x0000000100000000)
  region size 1024K, 14 young (14336K), 2 survivors (2048K)
 Metaspace       used 68420K, committed 68992K, reserved 1114112K
  class space    used 9041K, committed 9344K, reserved 1048576K
}
Event: 34.443 GC heap after
{Heap after GC invocations=33 (full 0):
 garbage-first heap   total 46080K, used 26453K [0x0000000081600000, 0x0000000100000000)
  region size 1024K, 2 young (2048K), 2 survivors (2048K)
 Metaspace       used 68420K, committed 68992K, reserved 1114112K
  class space    used 9041K, committed 9344K, reserved 1048576K
}

Dll operation events (9 events):
Event: 0.019 Loaded shared library C:\Users\SSD\.p2\pool\plugins\org.eclipse.justj.openjdk.hotspot.jre.full.win32.x86_64_17.0.7.v20230425-1502\jre\bin\java.dll
Event: 0.986 Loaded shared library C:\Users\SSD\.p2\pool\plugins\org.eclipse.justj.openjdk.hotspot.jre.full.win32.x86_64_17.0.7.v20230425-1502\jre\bin\net.dll
Event: 0.991 Loaded shared library C:\Users\SSD\.p2\pool\plugins\org.eclipse.justj.openjdk.hotspot.jre.full.win32.x86_64_17.0.7.v20230425-1502\jre\bin\nio.dll
Event: 1.009 Loaded shared library C:\Users\SSD\.p2\pool\plugins\org.eclipse.justj.openjdk.hotspot.jre.full.win32.x86_64_17.0.7.v20230425-1502\jre\bin\zip.dll
Event: 1.474 Loaded shared library C:\Users\SSD\.p2\pool\plugins\org.eclipse.justj.openjdk.hotspot.jre.full.win32.x86_64_17.0.7.v20230425-1502\jre\bin\jimage.dll
Event: 9.062 Loaded shared library C:\Users\SSD\.p2\pool\plugins\org.eclipse.justj.openjdk.hotspot.jre.full.win32.x86_64_17.0.7.v20230425-1502\jre\bin\sunmscapi.dll
Event: 16.085 Loaded shared library C:\Users\SSD\.p2\pool\plugins\org.eclipse.justj.openjdk.hotspot.jre.full.win32.x86_64_17.0.7.v20230425-1502\jre\bin\management.dll
Event: 16.091 Loaded shared library C:\Users\SSD\.p2\pool\plugins\org.eclipse.justj.openjdk.hotspot.jre.full.win32.x86_64_17.0.7.v20230425-1502\jre\bin\management_ext.dll
Event: 20.717 Loaded shared library C:\Users\SSD\.p2\pool\plugins\org.eclipse.justj.openjdk.hotspot.jre.full.win32.x86_64_17.0.7.v20230425-1502\jre\bin\verify.dll

Deoptimization events (20 events):
Event: 32.698 Thread 0x00000204b48ee790 Uncommon trap: trap_request=0xffffffde fr.pc=0x00000204c1d51b64 relative=0x00000000000004a4
Event: 32.698 Thread 0x00000204b48ee790 Uncommon trap: reason=class_check action=maybe_recompile pc=0x00000204c1d51b64 method=org.springframework.util.ConcurrentReferenceHashMap$Segment.findInChain(Lorg/springframework/util/ConcurrentReferenceHashMap$Reference;Ljava/lang/Object;I)Lorg/springfra
Event: 32.698 Thread 0x00000204b48ee790 DEOPT PACKING pc=0x00000204c1d51b64 sp=0x000000371f6fb3e0
Event: 32.698 Thread 0x00000204b48ee790 DEOPT UNPACKING pc=0x00000204c16369a3 sp=0x000000371f6fb398 mode 2
Event: 33.549 Thread 0x00000204b48ee790 Uncommon trap: trap_request=0xffffff45 fr.pc=0x00000204c1c1a27c relative=0x000000000000129c
Event: 33.549 Thread 0x00000204b48ee790 Uncommon trap: reason=unstable_if action=reinterpret pc=0x00000204c1c1a27c method=java.util.concurrent.ConcurrentHashMap.transfer([Ljava/util/concurrent/ConcurrentHashMap$Node;[Ljava/util/concurrent/ConcurrentHashMap$Node;)V @ 352 c2
Event: 33.549 Thread 0x00000204b48ee790 DEOPT PACKING pc=0x00000204c1c1a27c sp=0x000000371f6fcfe0
Event: 33.549 Thread 0x00000204b48ee790 DEOPT UNPACKING pc=0x00000204c16369a3 sp=0x000000371f6fcf68 mode 2
Event: 34.001 Thread 0x00000204b48ee790 Uncommon trap: trap_request=0xffffff45 fr.pc=0x00000204c1d02854 relative=0x00000000000002b4
Event: 34.001 Thread 0x00000204b48ee790 Uncommon trap: reason=unstable_if action=reinterpret pc=0x00000204c1d02854 method=org.springframework.core.BridgeMethodResolver.resolveBridgeMethod(Ljava/lang/reflect/Method;Ljava/lang/Class;)Ljava/lang/reflect/Method; @ 34 c2
Event: 34.001 Thread 0x00000204b48ee790 DEOPT PACKING pc=0x00000204c1d02854 sp=0x000000371f6fe4e0
Event: 34.001 Thread 0x00000204b48ee790 DEOPT UNPACKING pc=0x00000204c16369a3 sp=0x000000371f6fe4d8 mode 2
Event: 34.161 Thread 0x00000204b48ee790 Uncommon trap: trap_request=0xffffff45 fr.pc=0x00000204c1d99494 relative=0x00000000000007b4
Event: 34.161 Thread 0x00000204b48ee790 Uncommon trap: reason=unstable_if action=reinterpret pc=0x00000204c1d99494 method=org.springframework.core.annotation.TypeMappedAnnotations$MergedAnnotationFinder.doWithAnnotations(Ljava/lang/Object;ILjava/lang/Object;[Ljava/lang/annotation/Annotation;)Lo
Event: 34.161 Thread 0x00000204b48ee790 DEOPT PACKING pc=0x00000204c1d99494 sp=0x000000371f6fcc00
Event: 34.161 Thread 0x00000204b48ee790 DEOPT UNPACKING pc=0x00000204c16369a3 sp=0x000000371f6fcbf0 mode 2
Event: 34.944 Thread 0x00000204b48ee790 Uncommon trap: trap_request=0xffffff45 fr.pc=0x00000204c1ddff74 relative=0x0000000000001fb4
Event: 34.944 Thread 0x00000204b48ee790 Uncommon trap: reason=unstable_if action=reinterpret pc=0x00000204c1ddff74 method=org.springframework.core.annotation.AnnotationsScanner.processClassHierarchy(Ljava/lang/Object;[ILjava/lang/Class;Lorg/springframework/core/annotation/AnnotationsProcessor;Z
Event: 34.944 Thread 0x00000204b48ee790 DEOPT PACKING pc=0x00000204c1ddff74 sp=0x000000371f6fc400
Event: 34.944 Thread 0x00000204b48ee790 DEOPT UNPACKING pc=0x00000204c16369a3 sp=0x000000371f6fc3f8 mode 2

Classes unloaded (0 events):
No events

Classes redefined (0 events):
No events

Internal exceptions (20 events):
Event: 30.856 Thread 0x00000204b48ee790 Exception <a 'java/lang/NoSuchMethodError'{0x0000000083af4920}: 'java.lang.Object java.lang.invoke.DirectMethodHandle$Holder.newInvokeSpecial(java.lang.Object, java.lang.Object, java.lang.Object, java.lang.Object, java.lang.Object, java.lang.Object, java.lang.Object, java.lang.Object, java.lang.Object, java.lang.Object, java.lang.Object, java.lang.Object)'> (0x0000000083af4920) 
thrown [s\src\hotspot\share\interpreter\linkResolver.cpp, line 759]
Event: 30.858 Thread 0x00000204b48ee790 Exception <a 'java/lang/NoSuchMethodError'{0x0000000083af9bb0}: 'java.lang.Object java.lang.invoke.DirectMethodHandle$Holder.invokeSpecial(java.lang.Object, java.lang.Object, java.lang.Object, java.lang.Object, java.lang.Object, java.lang.Object, java.lang.Object, java.lang.Object, java.lang.Object, java.lang.Object, java.lang.Object, java.lang.Object, java.lang.Object)'> (0x0000000083af9bb0) 
thrown [s\src\hotspot\share\interpreter\linkResolver.cpp, line 759]
Event: 30.860 Thread 0x00000204b48ee790 Exception <a 'java/lang/NoSuchMethodError'{0x0000000083afeac0}: 'java.lang.Object java.lang.invoke.Invokers$Holder.linkToTargetMethod(java.lang.Object, java.lang.Object, java.lang.Object, java.lang.Object, java.lang.Object, java.lang.Object, java.lang.Object, java.lang.Object, java.lang.Object, java.lang.Object, java.lang.Object, java.lang.Object)'> (0x0000000083afeac0) 
thrown [s\src\hotspot\share\interpreter\linkResolver.cpp, line 759]
Event: 31.018 Thread 0x00000204b48ee790 Exception <a 'java/lang/NoSuchMethodError'{0x00000000838b5268}: 'java.lang.Object java.lang.invoke.DirectMethodHandle$Holder.newInvokeSpecial(java.lang.Object, java.lang.Object, java.lang.Object, java.lang.Object, java.lang.Object, java.lang.Object)'> (0x00000000838b5268) 
thrown [s\src\hotspot\share\interpreter\linkResolver.cpp, line 759]
Event: 31.059 Thread 0x00000204b48ee790 Exception <a 'java/lang/NoSuchMethodError'{0x0000000083755748}: 'java.lang.Object java.lang.invoke.DirectMethodHandle$Holder.newInvokeSpecial(java.lang.Object, java.lang.Object, int, java.lang.Object, int, java.lang.Object, java.lang.Object)'> (0x0000000083755748) 
thrown [s\src\hotspot\share\interpreter\linkResolver.cpp, line 759]
Event: 31.083 Thread 0x00000204b48ee790 Exception <a 'java/lang/NoSuchMethodError'{0x00000000837d7810}: 'java.lang.Object java.lang.invoke.DirectMethodHandle$Holder.newInvokeSpecial(java.lang.Object, java.lang.Object, java.lang.Object, java.lang.Object, java.lang.Object, java.lang.Object, java.lang.Object, int)'> (0x00000000837d7810) 
thrown [s\src\hotspot\share\interpreter\linkResolver.cpp, line 759]
Event: 31.084 Thread 0x00000204b48ee790 Exception <a 'java/lang/NoSuchMethodError'{0x00000000837dd000}: 'java.lang.Object java.lang.invoke.DirectMethodHandle$Holder.invokeSpecial(java.lang.Object, java.lang.Object, java.lang.Object, java.lang.Object, java.lang.Object, java.lang.Object, java.lang.Object, java.lang.Object, int)'> (0x00000000837dd000) 
thrown [s\src\hotspot\share\interpreter\linkResolver.cpp, line 759]
Event: 31.085 Thread 0x00000204b48ee790 Exception <a 'java/lang/NoSuchMethodError'{0x00000000837e22c0}: 'java.lang.Object java.lang.invoke.Invokers$Holder.linkToTargetMethod(java.lang.Object, java.lang.Object, java.lang.Object, java.lang.Object, java.lang.Object, java.lang.Object, int, java.lang.Object)'> (0x00000000837e22c0) 
thrown [s\src\hotspot\share\interpreter\linkResolver.cpp, line 759]
Event: 31.096 Thread 0x00000204b48ee790 Implicit null exception at 0x00000204c1c99f93 to 0x00000204c1c9a0d0
Event: 31.131 Thread 0x00000204b48ee790 Exception <a 'java/lang/NoSuchMethodError'{0x00000000834a0a48}: 'void java.lang.invoke.DirectMethodHandle$Holder.invokeInterface(java.lang.Object, java.lang.Object)'> (0x00000000834a0a48) 
thrown [s\src\hotspot\share\interpreter\linkResolver.cpp, line 759]
Event: 31.516 Thread 0x00000204b48ee790 Exception <a 'java/lang/NoSuchMethodError'{0x00000000878a7178}: 'java.lang.Object java.lang.invoke.DirectMethodHandle$Holder.invokeSpecial(java.lang.Object, java.lang.Object, int, java.lang.Object, int)'> (0x00000000878a7178) 
thrown [s\src\hotspot\share\interpreter\linkResolver.cpp, line 759]
Event: 32.095 Thread 0x00000204b48ee790 Exception <a 'java/lang/IncompatibleClassChangeError'{0x0000000083c181d0}: Found class java.lang.Object, but interface was expected> (0x0000000083c181d0) 
thrown [s\src\hotspot\share\interpreter\linkResolver.cpp, line 826]
Event: 32.128 Thread 0x00000204b48ee790 Exception <a 'java/lang/IncompatibleClassChangeError'{0x0000000083c960a0}: Found class java.lang.Object, but interface was expected> (0x0000000083c960a0) 
thrown [s\src\hotspot\share\interpreter\linkResolver.cpp, line 826]
Event: 32.249 Thread 0x00000204b48ee790 Exception <a 'java/lang/IncompatibleClassChangeError'{0x0000000083a13988}: Found class java.lang.Object, but interface was expected> (0x0000000083a13988) 
thrown [s\src\hotspot\share\interpreter\linkResolver.cpp, line 826]
Event: 32.873 Thread 0x00000204b48ee790 Exception <a 'java/lang/IncompatibleClassChangeError'{0x00000000878acf98}: Found class java.lang.Object, but interface was expected> (0x00000000878acf98) 
thrown [s\src\hotspot\share\interpreter\linkResolver.cpp, line 826]
Event: 33.229 Thread 0x00000204b48ee790 Exception <a 'java/lang/reflect/InvocationTargetException'{0x0000000083d0ee30}> (0x0000000083d0ee30) 
thrown [s\src\hotspot\share\runtime\reflection.cpp, line 1121]
Event: 33.268 Thread 0x00000204b48ee790 Exception <a 'java/lang/NoSuchMethodError'{0x0000000083d75d60}: 'int java.lang.invoke.DirectMethodHandle$Holder.invokeStatic(java.lang.Object, java.lang.Object, int)'> (0x0000000083d75d60) 
thrown [s\src\hotspot\share\interpreter\linkResolver.cpp, line 759]
Event: 33.295 Thread 0x00000204b48ee790 Exception <a 'java/lang/IncompatibleClassChangeError'{0x0000000083dbe030}: Found class java.lang.Object, but interface was expected> (0x0000000083dbe030) 
thrown [s\src\hotspot\share\interpreter\linkResolver.cpp, line 826]
Event: 33.466 Thread 0x00000204b48ee790 Exception <a 'java/lang/NoSuchMethodError'{0x0000000083b7f650}: 'java.lang.Object java.lang.invoke.DirectMethodHandle$Holder.invokeStatic(java.lang.Object, int, java.lang.Object)'> (0x0000000083b7f650) 
thrown [s\src\hotspot\share\interpreter\linkResolver.cpp, line 759]
Event: 33.868 Thread 0x00000204b48ee790 Exception <a 'java/lang/NoSuchMethodError'{0x00000000839d9928}: 'long java.lang.invoke.DirectMethodHandle$Holder.invokeVirtual(java.lang.Object, java.lang.Object)'> (0x00000000839d9928) 
thrown [s\src\hotspot\share\interpreter\linkResolver.cpp, line 759]

VM Operations (20 events):
Event: 32.996 Executing VM operation: HandshakeAllThreads
Event: 32.996 Executing VM operation: HandshakeAllThreads done
Event: 32.997 Executing VM operation: HandshakeAllThreads
Event: 32.997 Executing VM operation: HandshakeAllThreads done
Event: 33.590 Executing VM operation: HandshakeAllThreads
Event: 33.590 Executing VM operation: HandshakeAllThreads done
Event: 33.590 Executing VM operation: Cleanup
Event: 33.590 Executing VM operation: Cleanup done
Event: 33.591 Executing VM operation: HandshakeAllThreads
Event: 33.591 Executing VM operation: HandshakeAllThreads done
Event: 33.916 Executing VM operation: HandshakeAllThreads
Event: 33.917 Executing VM operation: HandshakeAllThreads done
Event: 34.366 Executing VM operation: G1CollectForAllocation
Event: 34.614 Executing VM operation: G1CollectForAllocation done
Event: 34.666 Executing VM operation: HandshakeAllThreads
Event: 34.666 Executing VM operation: HandshakeAllThreads done
Event: 34.729 Executing VM operation: G1Concurrent
Event: 34.773 Executing VM operation: G1Concurrent done
Event: 34.827 Executing VM operation: G1Concurrent
Event: 34.898 Executing VM operation: G1Concurrent done

Events (20 events):
Event: 34.249 loading class java/util/WeakHashMap$KeyIterator
Event: 34.249 loading class java/util/WeakHashMap$HashIterator
Event: 34.250 loading class java/util/WeakHashMap$HashIterator done
Event: 34.250 loading class java/util/WeakHashMap$KeyIterator done
Event: 34.250 loading class java/util/WeakHashMap$EntrySet
Event: 34.250 loading class java/util/WeakHashMap$EntrySet done
Event: 34.250 loading class java/util/WeakHashMap$EntryIterator
Event: 34.250 loading class java/util/WeakHashMap$EntryIterator done
Event: 34.613 loading class java/util/concurrent/locks/AbstractQueuedSynchronizer$ExclusiveNode
Event: 34.613 loading class java/util/concurrent/locks/AbstractQueuedSynchronizer$ExclusiveNode done
Event: 34.833 loading class jdk/internal/access/foreign/MemorySegmentProxy
Event: 34.834 loading class jdk/internal/access/foreign/MemorySegmentProxy done
Event: 34.898 loading class java/util/concurrent/ForkJoinWorkerThread
Event: 34.898 loading class java/util/concurrent/ForkJoinWorkerThread done
Event: 35.307 loading class java/util/Base64
Event: 35.307 loading class java/util/Base64 done
Event: 35.307 loading class java/util/Base64$Encoder
Event: 35.308 loading class java/util/Base64$Encoder done
Event: 35.360 loading class java/nio/StringCharBuffer
Event: 35.360 loading class java/nio/StringCharBuffer done


Dynamic libraries:
0x00007ff6c3c40000 - 0x00007ff6c3c4e000 	C:\Users\SSD\.p2\pool\plugins\org.eclipse.justj.openjdk.hotspot.jre.full.win32.x86_64_17.0.7.v20230425-1502\jre\bin\javaw.exe
0x00007ffa80930000 - 0x00007ffa80b28000 	C:\Windows\SYSTEM32\ntdll.dll
0x00007ffa803f0000 - 0x00007ffa804b2000 	C:\Windows\System32\KERNEL32.DLL
0x00007ffa7e4f0000 - 0x00007ffa7e7e6000 	C:\Windows\System32\KERNELBASE.dll
0x00007ffa7e350000 - 0x00007ffa7e450000 	C:\Windows\System32\ucrtbase.dll
0x00007ffa669c0000 - 0x00007ffa669d7000 	C:\Users\SSD\.p2\pool\plugins\org.eclipse.justj.openjdk.hotspot.jre.full.win32.x86_64_17.0.7.v20230425-1502\jre\bin\jli.dll
0x00007ffa7eb50000 - 0x00007ffa7eced000 	C:\Windows\System32\USER32.dll
0x00007ffa7dfc0000 - 0x00007ffa7dfe2000 	C:\Windows\System32\win32u.dll
0x00007ffa7fe70000 - 0x00007ffa7fe9b000 	C:\Windows\System32\GDI32.dll
0x00007ffa7e230000 - 0x00007ffa7e349000 	C:\Windows\System32\gdi32full.dll
0x00007ffa7e450000 - 0x00007ffa7e4ed000 	C:\Windows\System32\msvcp_win.dll
0x00007ffa7a6b0000 - 0x00007ffa7a6c9000 	C:\Users\SSD\.p2\pool\plugins\org.eclipse.justj.openjdk.hotspot.jre.full.win32.x86_64_17.0.7.v20230425-1502\jre\bin\VCRUNTIME140.dll
0x00007ffa715f0000 - 0x00007ffa7188a000 	C:\Windows\WinSxS\amd64_microsoft.windows.common-controls_6595b64144ccf1df_6.0.19041.5915_none_60b4b9d171f9c7c7\COMCTL32.dll
0x00007ffa801a0000 - 0x00007ffa8023e000 	C:\Windows\System32\msvcrt.dll
0x00007ffa7fe30000 - 0x00007ffa7fe5f000 	C:\Windows\System32\IMM32.DLL
0x00007ffa7b620000 - 0x00007ffa7b62c000 	C:\Users\SSD\.p2\pool\plugins\org.eclipse.justj.openjdk.hotspot.jre.full.win32.x86_64_17.0.7.v20230425-1502\jre\bin\vcruntime140_1.dll
0x00007ffa66cc0000 - 0x00007ffa66d51000 	C:\Users\SSD\.p2\pool\plugins\org.eclipse.justj.openjdk.hotspot.jre.full.win32.x86_64_17.0.7.v20230425-1502\jre\bin\msvcp140.dll
0x00007ffa4c120000 - 0x00007ffa4cd68000 	C:\Users\SSD\.p2\pool\plugins\org.eclipse.justj.openjdk.hotspot.jre.full.win32.x86_64_17.0.7.v20230425-1502\jre\bin\server\jvm.dll
0x00007ffa800e0000 - 0x00007ffa80191000 	C:\Windows\System32\ADVAPI32.dll
0x00007ffa7feb0000 - 0x00007ffa7ff4f000 	C:\Windows\System32\sechost.dll
0x00007ffa7fd00000 - 0x00007ffa7fe23000 	C:\Windows\System32\RPCRT4.dll
0x00007ffa7e0a0000 - 0x00007ffa7e0c7000 	C:\Windows\System32\bcrypt.dll
0x00007ffa6a840000 - 0x00007ffa6a849000 	C:\Windows\SYSTEM32\WSOCK32.dll
0x00007ffa80520000 - 0x00007ffa8058b000 	C:\Windows\System32\WS2_32.dll
0x00007ffa70a30000 - 0x00007ffa70a57000 	C:\Windows\SYSTEM32\WINMM.dll
0x00007ffa738a0000 - 0x00007ffa738aa000 	C:\Windows\SYSTEM32\VERSION.dll
0x00007ffa7be40000 - 0x00007ffa7be52000 	C:\Windows\SYSTEM32\kernel.appcore.dll
0x00007ffa7ac10000 - 0x00007ffa7ac1a000 	C:\Users\SSD\.p2\pool\plugins\org.eclipse.justj.openjdk.hotspot.jre.full.win32.x86_64_17.0.7.v20230425-1502\jre\bin\jimage.dll
0x00007ffa6f560000 - 0x00007ffa6f761000 	C:\Windows\SYSTEM32\DBGHELP.DLL
0x00007ffa67380000 - 0x00007ffa673b4000 	C:\Windows\SYSTEM32\dbgcore.DLL
0x00007ffa7e7f0000 - 0x00007ffa7e872000 	C:\Windows\System32\bcryptPrimitives.dll
0x00007ffa71950000 - 0x00007ffa71975000 	C:\Users\SSD\.p2\pool\plugins\org.eclipse.justj.openjdk.hotspot.jre.full.win32.x86_64_17.0.7.v20230425-1502\jre\bin\java.dll
0x00007ffa63fc0000 - 0x00007ffa63fd8000 	C:\Users\SSD\.p2\pool\plugins\org.eclipse.justj.openjdk.hotspot.jre.full.win32.x86_64_17.0.7.v20230425-1502\jre\bin\zip.dll
0x00007ffa7ecf0000 - 0x00007ffa7f45e000 	C:\Windows\System32\SHELL32.dll
0x00007ffa7c040000 - 0x00007ffa7c7e4000 	C:\Windows\SYSTEM32\windows.storage.dll
0x00007ffa80590000 - 0x00007ffa808e3000 	C:\Windows\System32\combase.dll
0x00007ffa7d920000 - 0x00007ffa7d94b000 	C:\Windows\SYSTEM32\Wldp.dll
0x00007ffa7ea00000 - 0x00007ffa7eacd000 	C:\Windows\System32\OLEAUT32.dll
0x00007ffa7e950000 - 0x00007ffa7e9fd000 	C:\Windows\System32\SHCORE.dll
0x00007ffa804c0000 - 0x00007ffa8051b000 	C:\Windows\System32\shlwapi.dll
0x00007ffa7def0000 - 0x00007ffa7df14000 	C:\Windows\SYSTEM32\profapi.dll
0x00007ffa63fa0000 - 0x00007ffa63fb9000 	C:\Users\SSD\.p2\pool\plugins\org.eclipse.justj.openjdk.hotspot.jre.full.win32.x86_64_17.0.7.v20230425-1502\jre\bin\net.dll
0x00007ffa776e0000 - 0x00007ffa777ea000 	C:\Windows\SYSTEM32\WINHTTP.dll
0x00007ffa7d680000 - 0x00007ffa7d6ea000 	C:\Windows\system32\mswsock.dll
0x00007ffa63f80000 - 0x00007ffa63f95000 	C:\Users\SSD\.p2\pool\plugins\org.eclipse.justj.openjdk.hotspot.jre.full.win32.x86_64_17.0.7.v20230425-1502\jre\bin\nio.dll
0x00007ffa7a5d0000 - 0x00007ffa7a5de000 	C:\Users\SSD\.p2\pool\plugins\org.eclipse.justj.openjdk.hotspot.jre.full.win32.x86_64_17.0.7.v20230425-1502\jre\bin\sunmscapi.dll
0x00007ffa7e0d0000 - 0x00007ffa7e22d000 	C:\Windows\System32\CRYPT32.dll
0x00007ffa7d990000 - 0x00007ffa7d9b7000 	C:\Windows\SYSTEM32\ncrypt.dll
0x00007ffa7d950000 - 0x00007ffa7d98b000 	C:\Windows\SYSTEM32\NTASN1.dll
0x00007ffa7d880000 - 0x00007ffa7d898000 	C:\Windows\SYSTEM32\CRYPTSP.dll
0x00007ffa7cfa0000 - 0x00007ffa7cfd8000 	C:\Windows\system32\rsaenh.dll
0x00007ffa7de70000 - 0x00007ffa7de9e000 	C:\Windows\SYSTEM32\USERENV.dll
0x00007ffa7d870000 - 0x00007ffa7d87c000 	C:\Windows\SYSTEM32\CRYPTBASE.dll
0x00007ffa7d360000 - 0x00007ffa7d39b000 	C:\Windows\SYSTEM32\IPHLPAPI.DLL
0x00007ffa7fc70000 - 0x00007ffa7fc78000 	C:\Windows\System32\NSI.dll
0x00007ffa77a40000 - 0x00007ffa77a57000 	C:\Windows\SYSTEM32\dhcpcsvc6.DLL
0x00007ffa781d0000 - 0x00007ffa781ed000 	C:\Windows\SYSTEM32\dhcpcsvc.DLL
0x00007ffa7d3a0000 - 0x00007ffa7d46a000 	C:\Windows\SYSTEM32\DNSAPI.dll
0x00007ffa7a5b0000 - 0x00007ffa7a5b9000 	C:\Users\SSD\.p2\pool\plugins\org.eclipse.justj.openjdk.hotspot.jre.full.win32.x86_64_17.0.7.v20230425-1502\jre\bin\management.dll
0x00007ffa78320000 - 0x00007ffa7832b000 	C:\Users\SSD\.p2\pool\plugins\org.eclipse.justj.openjdk.hotspot.jre.full.win32.x86_64_17.0.7.v20230425-1502\jre\bin\management_ext.dll
0x00007ffa7fea0000 - 0x00007ffa7fea8000 	C:\Windows\System32\PSAPI.DLL
0x00007ffa795d0000 - 0x00007ffa795e0000 	C:\Users\SSD\.p2\pool\plugins\org.eclipse.justj.openjdk.hotspot.jre.full.win32.x86_64_17.0.7.v20230425-1502\jre\bin\verify.dll
0x00007ffa71a50000 - 0x00007ffa71a5a000 	C:\Windows\System32\rasadhlp.dll
0x00007ffa724c0000 - 0x00007ffa72540000 	C:\Windows\System32\fwpuclnt.dll

dbghelp: loaded successfully - version: 4.0.5 - missing functions: none
symbol engine: initialized successfully - sym options: 0x614 - pdb path: .;C:\Users\SSD\.p2\pool\plugins\org.eclipse.justj.openjdk.hotspot.jre.full.win32.x86_64_17.0.7.v20230425-1502\jre\bin;C:\Windows\SYSTEM32;C:\Windows\WinSxS\amd64_microsoft.windows.common-controls_6595b64144ccf1df_6.0.19041.5915_none_60b4b9d171f9c7c7;C:\Users\SSD\.p2\pool\plugins\org.eclipse.justj.openjdk.hotspot.jre.full.win32.x86_64_17.0.7.v20230425-1502\jre\bin\server

VM Arguments:
jvm_args: -Dfile.encoding=UTF-8 -XX:+ShowCodeDetailsInExceptionMessages 
java_command: com.example.finapp.FinAppApplication
java_class_path (initial): F:\Hackthon0722\finapp_project_full\finapp_project_full\target\classes;C:\Users\SSD\.m2\repository\org\springframework\boot\spring-boot-starter-web\3.3.2\spring-boot-starter-web-3.3.2.jar;C:\Users\SSD\.m2\repository\org\springframework\boot\spring-boot-starter\3.3.2\spring-boot-starter-3.3.2.jar;C:\Users\SSD\.m2\repository\org\springframework\boot\spring-boot\3.3.2\spring-boot-3.3.2.jar;C:\Users\SSD\.m2\repository\org\springframework\boot\spring-boot-autoconfigure\3.3.2\spring-boot-autoconfigure-3.3.2.jar;C:\Users\SSD\.m2\repository\org\springframework\boot\spring-boot-starter-logging\3.3.2\spring-boot-starter-logging-3.3.2.jar;C:\Users\SSD\.m2\repository\ch\qos\logback\logback-classic\1.5.6\logback-classic-1.5.6.jar;C:\Users\SSD\.m2\repository\ch\qos\logback\logback-core\1.5.6\logback-core-1.5.6.jar;C:\Users\SSD\.m2\repository\org\apache\logging\log4j\log4j-to-slf4j\2.23.1\log4j-to-slf4j-2.23.1.jar;C:\Users\SSD\.m2\repository\org\apache\logging\log4j\log4j-api\2.23.1\log4j-api-2.23.1.jar;C:\Users\SSD\.m2\repository\org\slf4j\jul-to-slf4j\2.0.13\jul-to-slf4j-2.0.13.jar;C:\Users\SSD\.m2\repository\jakarta\annotation\jakarta.annotation-api\2.1.1\jakarta.annotation-api-2.1.1.jar;C:\Users\SSD\.m2\repository\org\springframework\spring-core\6.1.11\spring-core-6.1.11.jar;C:\Users\SSD\.m2\repository\org\springframework\spring-jcl\6.1.11\spring-jcl-6.1.11.jar;C:\Users\SSD\.m2\repository\org\yaml\snakeyaml\2.2\snakeyaml-2.2.jar;C:\Users\SSD\.m2\repository\org\springframework\boot\spring-boot-starter-json\3.3.2\spring-boot-starter-json-3.3.2.jar;C:\Users\SSD\.m2\repository\com\fasterxml\jackson\datatype\jackson-datatype-jdk8\2.17.2\jackson-datatype-jdk8-2.17.2.jar;C:\Users\SSD\.m2\repository\com\fasterxml\jackson\datatype\jackson-datatype-jsr310\2.17.2\jackson-datatype-jsr310-2.17.2.jar;C:\Users\SSD\.m2\repository\com\fasterxml\jackson\module\jackson-module-parameter-names\2.17.2\jackson-module-parameter-names-2.17.2.jar;C:\Users\SSD\.m2\repository
Launcher Type: SUN_STANDARD

[Global flags]
     intx CICompilerCount                          = 3                                         {product} {ergonomic}
     uint ConcGCThreads                            = 1                                         {product} {ergonomic}
     uint G1ConcRefinementThreads                  = 4                                         {product} {ergonomic}
   size_t G1HeapRegionSize                         = 1048576                                   {product} {ergonomic}
    uintx GCDrainStackTargetSize                   = 64                                        {product} {ergonomic}
   size_t InitialHeapSize                          = 134217728                                 {product} {ergonomic}
   size_t MarkStackSize                            = 4194304                                   {product} {ergonomic}
   size_t MaxHeapSize                              = 2124414976                                {product} {ergonomic}
   size_t MaxNewSize                               = 1274019840                                {product} {ergonomic}
   size_t MinHeapDeltaBytes                        = 1048576                                   {product} {ergonomic}
   size_t MinHeapSize                              = 8388608                                   {product} {ergonomic}
    uintx NonNMethodCodeHeapSize                   = 5832780                                {pd product} {ergonomic}
    uintx NonProfiledCodeHeapSize                  = 122912730                              {pd product} {ergonomic}
    uintx ProfiledCodeHeapSize                     = 122912730                              {pd product} {ergonomic}
    uintx ReservedCodeCacheSize                    = 251658240                              {pd product} {ergonomic}
     bool SegmentedCodeCache                       = true                                      {product} {ergonomic}
     bool ShowCodeDetailsInExceptionMessages       = true                                   {manageable} {command line}
   size_t SoftMaxHeapSize                          = 2124414976                             {manageable} {ergonomic}
     bool UseCompressedClassPointers               = true                           {product lp64_product} {ergonomic}
     bool UseCompressedOops                        = true                           {product lp64_product} {ergonomic}
     bool UseG1GC                                  = true                                      {product} {ergonomic}
     bool UseLargePagesIndividualAllocation        = false                                  {pd product} {ergonomic}

Logging:
Log output configuration:
 #0: stdout all=warning uptime,level,tags
 #1: stderr all=off uptime,level,tags

Environment Variables:
PATH=C:/Users/SSD/.p2/pool/plugins/org.eclipse.justj.openjdk.hotspot.jre.full.win32.x86_64_17.0.7.v20230425-1502/jre/bin/server;C:/Users/SSD/.p2/pool/plugins/org.eclipse.justj.openjdk.hotspot.jre.full.win32.x86_64_17.0.7.v20230425-1502/jre/bin;C:\Program Files\Common Files\Oracle\Java\javapath;C:\Windows\system32;C:\Windows;C:\Windows\System32\Wbem;C:\Windows\System32\WindowsPowerShell\v1.0\;C:\Windows\System32\OpenSSH\;C:\Program Files\Git\cmd;F:\apache-maven-3.9.3-bin\apache-maven-3.9.3\bin;C:\Program Files\nodejs\;C:\ProgramData\chocolatey\bin;C:\Program Files\Java\jdk-17\bin;C:\Users\SSD\AppData\Local\GitHubDesktop\bin;;C:\Program Files\JetBrains\IntelliJ IDEA Community Edition 2024.2.1\bin;;C:\Users\SSD\AppData\Local\Programs\Microsoft VS Code\bin;C:\Users\SSD\AppData\Roaming\npm;C:\Users\SSD\Desktop;
USERNAME=SSD
OS=Windows_NT
PROCESSOR_IDENTIFIER=Intel64 Family 6 Model 61 Stepping 4, GenuineIntel
TMP=C:\Users\SSD\AppData\Local\Temp
TEMP=C:\Users\SSD\AppData\Local\Temp



---------------  S Y S T E M  ---------------

OS:
 Windows 10 , 64 bit Build 19041 (10.0.19041.5915)
OS uptime: 1 days 15:55 hours

CPU: total 4 (initial active 4) (2 cores per cpu, 2 threads per core) family 6 model 61 stepping 4 microcode 0x2d, cx8, cmov, fxsr, ht, mmx, 3dnowpref, sse, sse2, sse3, ssse3, sse4.1, sse4.2, popcnt, lzcnt, tsc, tscinvbit, avx, avx2, aes, erms, clmul, bmi1, bmi2, adx, fma, vzeroupper, clflush

Memory: 4k page, system-wide physical 8101M (398M free)
TotalPageFile size 17451M (AvailPageFile size 5M)
current process WorkingSet (physical memory assigned to process): 228M, peak: 230M
current process commit charge ("private bytes"): 252M, peak: 255M

vm_info: OpenJDK 64-Bit Server VM (17.0.7+7) for windows-amd64 JRE (17.0.7+7), built on Apr 18 2023 22:10:42 by "temurin" with MS VC++ 16.7 (VS2019)

END.
